#
# There is insufficient memory for the Java Runtime Environment to continue.
# Native memory allocation (mmap) failed to map 268435456 bytes for Failed to commit area from 0x0000000701200000 to 0x0000000711200000 of length 268435456.
# Possible reasons:
#   The system is out of physical RAM or swap space
#   The process is running with CompressedOops enabled, and the Java Heap may be blocking the growth of the native heap
# Possible solutions:
#   Reduce memory load on the system
#   Increase physical memory or swap space
#   Check if swap backing store is full
#   Decrease Java heap size (-Xmx/-Xms)
#   Decrease number of Java threads
#   Decrease Java thread stack sizes (-Xss)
#   Set larger code cache with -XX:ReservedCodeCacheSize=
# This output file may be truncated or incomplete.
#
#  Out of Memory Error (./src/hotspot/os/windows/os_windows.cpp:3303), pid=21084, tid=11504
#
# JRE version:  (11.0.9+11) (build )
# Java VM: OpenJDK 64-Bit Server VM (11.0.9+11, mixed mode, sharing, tiered, compressed oops, g1 gc, windows-amd64)
# No core dump will be written. Minidumps are not enabled by default on client versions of Windows
#

---------------  S U M M A R Y ------------

Command Line: -Dfile.encoding=UTF-8 src.Test

Host: Intel(R) Core(TM) i5-4460  CPU @ 3.20GHz, 4 cores, 15G,  Windows 10 , 64 bit Build 19041 (10.0.19041.928)
Time: Fri May 14 21:20:59 2021 Central Europe Summer Time elapsed time: 0.108527 seconds (0d 0h 0m 0s)

---------------  T H R E A D  ---------------

Current thread (0x00000225597dd000):  JavaThread "Unknown thread" [_thread_in_vm, id=11504, stack(0x000000b59d300000,0x000000b59d400000)]

Stack: [0x000000b59d300000,0x000000b59d400000]
Native frames: (J=compiled Java code, j=interpreted, Vv=VM code, C=native code)
V  [jvm.dll+0x5f465a]
V  [jvm.dll+0x77c78e]
V  [jvm.dll+0x77de5f]
V  [jvm.dll+0x77e523]
V  [jvm.dll+0x2477c8]
V  [jvm.dll+0x5f18ba]
V  [jvm.dll+0x5e6505]
V  [jvm.dll+0x2fca8c]
V  [jvm.dll+0x2fc912]
V  [jvm.dll+0x3015c6]
V  [jvm.dll+0x345e3f]
V  [jvm.dll+0x345870]
V  [jvm.dll+0x2d9ce8]
V  [jvm.dll+0x2dae36]
V  [jvm.dll+0x758137]
V  [jvm.dll+0x7598bf]
V  [jvm.dll+0x352c39]
V  [jvm.dll+0x73b3c0]
V  [jvm.dll+0x3ba30f]
V  [jvm.dll+0x3bc7b1]
C  [jli.dll+0x520b]
C  [ucrtbase.dll+0x21bb2]
C  [KERNEL32.DLL+0x17034]
C  [ntdll.dll+0x52651]


---------------  P R O C E S S  ---------------

Threads class SMR info:
_java_thread_list=0x0000022557664490, length=0, elements={
}

Java Threads: ( => current thread )

Other Threads:
  0x00000225597f3000 GCTaskThread "GC Thread#0" [stack: 0x000000b59d500000,0x000000b59d600000] [id=8652]
  0x000002255984f000 ConcurrentGCThread "G1 Main Marker" [stack: 0x000000b59d600000,0x000000b59d700000] [id=4868]
  0x0000022559850800 ConcurrentGCThread "G1 Conc#0" [stack: 0x000000b59d700000,0x000000b59d800000] [id=15868]

[error occurred during error reporting (printing all threads), id 0xc0000005, EXCEPTION_ACCESS_VIOLATION (0xc0000005) at pc=0x00007ffae4ae9367]

VM state:not at safepoint (not fully initialized)

VM Mutex/Monitor currently owned by a thread:  ([mutex/lock_event])
[0x00000225597d6b40] Heap_lock - owner thread: 0x00000225597dd000

Heap address: 0x0000000701200000, size: 4078 MB, Compressed Oops mode: Non-zero based: 0x0000000701200000
Narrow klass base: 0x0000000000000000, Narrow klass shift: 0

GC Heap History (0 events):
No events

Deoptimization events (0 events):
No events

Classes redefined (0 events):
No events

Internal exceptions (0 events):
No events

Events (1 events):
Event: 0.027 Loaded shared library C:\Program Files\AdoptOpenJDK\jdk-11.0.9.11-hotspot\bin\zip.dll


Dynamic libraries:
0x00007ff72fdb0000 - 0x00007ff72fdbd000 	C:\Program Files\AdoptOpenJDK\jdk-11.0.9.11-hotspot\bin\java.exe
0x00007ffb52f30000 - 0x00007ffb53125000 	C:\WINDOWS\SYSTEM32\ntdll.dll
0x00007ffb51f90000 - 0x00007ffb5204d000 	C:\WINDOWS\System32\KERNEL32.DLL
0x00007ffb50890000 - 0x00007ffb50b58000 	C:\WINDOWS\System32\KERNELBASE.dll
0x00007ffb50b60000 - 0x00007ffb50c60000 	C:\WINDOWS\System32\ucrtbase.dll
0x00007ffb2a1b0000 - 0x00007ffb2a1c7000 	C:\Program Files\AdoptOpenJDK\jdk-11.0.9.11-hotspot\bin\jli.dll
0x00007ffb51830000 - 0x00007ffb519d0000 	C:\WINDOWS\System32\USER32.dll
0x00007ffb50dc0000 - 0x00007ffb50de2000 	C:\WINDOWS\System32\win32u.dll
0x00007ffb52de0000 - 0x00007ffb52e0a000 	C:\WINDOWS\System32\GDI32.dll
0x00007ffb50780000 - 0x00007ffb5088b000 	C:\WINDOWS\System32\gdi32full.dll
0x00007ffb50df0000 - 0x00007ffb50e8d000 	C:\WINDOWS\System32\msvcp_win.dll
0x00007ffb29510000 - 0x00007ffb29525000 	C:\Program Files\AdoptOpenJDK\jdk-11.0.9.11-hotspot\bin\VCRUNTIME140.dll
0x00007ffb41010000 - 0x00007ffb412aa000 	C:\WINDOWS\WinSxS\amd64_microsoft.windows.common-controls_6595b64144ccf1df_6.0.19041.844_none_ca00b6081b84eb1d\COMCTL32.dll
0x00007ffb52c10000 - 0x00007ffb52cae000 	C:\WINDOWS\System32\msvcrt.dll
0x00007ffb52ec0000 - 0x00007ffb52ef0000 	C:\WINDOWS\System32\IMM32.DLL
0x00007ffaffc60000 - 0x00007ffaffcfb000 	C:\Program Files\AdoptOpenJDK\jdk-11.0.9.11-hotspot\bin\msvcp140.dll
0x00007ffae4800000 - 0x00007ffae5343000 	C:\Program Files\AdoptOpenJDK\jdk-11.0.9.11-hotspot\bin\server\jvm.dll
0x00007ffb51780000 - 0x00007ffb5182c000 	C:\WINDOWS\System32\ADVAPI32.dll
0x00007ffb519d0000 - 0x00007ffb51a6b000 	C:\WINDOWS\System32\sechost.dll
0x00007ffb51020000 - 0x00007ffb5114b000 	C:\WINDOWS\System32\RPCRT4.dll
0x00007ffb50f90000 - 0x00007ffb50f98000 	C:\WINDOWS\System32\PSAPI.DLL
0x00007ffb45620000 - 0x00007ffb45629000 	C:\WINDOWS\SYSTEM32\WSOCK32.dll
0x00007ffb51f20000 - 0x00007ffb51f8b000 	C:\WINDOWS\System32\WS2_32.dll
0x00007ffb47440000 - 0x00007ffb47467000 	C:\WINDOWS\SYSTEM32\WINMM.dll
0x00007ffb4b680000 - 0x00007ffb4b68a000 	C:\WINDOWS\SYSTEM32\VERSION.dll
0x00007ffb4e590000 - 0x00007ffb4e5a2000 	C:\WINDOWS\SYSTEM32\kernel.appcore.dll
0x00007ffb455f0000 - 0x00007ffb45600000 	C:\Program Files\AdoptOpenJDK\jdk-11.0.9.11-hotspot\bin\verify.dll
0x00007ffb3f890000 - 0x00007ffb3fa74000 	C:\WINDOWS\SYSTEM32\DBGHELP.DLL
0x00007ffb3f340000 - 0x00007ffb3f36c000 	C:\WINDOWS\SYSTEM32\dbgcore.DLL
0x00007ffb50f10000 - 0x00007ffb50f90000 	C:\WINDOWS\System32\bcryptPrimitives.dll
0x00007ffb29380000 - 0x00007ffb293a8000 	C:\Program Files\AdoptOpenJDK\jdk-11.0.9.11-hotspot\bin\java.dll
0x00007ffb455c0000 - 0x00007ffb455ca000 	C:\Program Files\AdoptOpenJDK\jdk-11.0.9.11-hotspot\bin\jimage.dll
0x00007ffb28f20000 - 0x00007ffb28f37000 	C:\Program Files\AdoptOpenJDK\jdk-11.0.9.11-hotspot\bin\zip.dll

dbghelp: loaded successfully - version: 4.0.5 - missing functions: none
symbol engine: initialized successfully - sym options: 0x614 - pdb path: .;C:\Program Files\AdoptOpenJDK\jdk-11.0.9.11-hotspot\bin;C:\WINDOWS\SYSTEM32;C:\WINDOWS\WinSxS\amd64_microsoft.windows.common-controls_6595b64144ccf1df_6.0.19041.844_none_ca00b6081b84eb1d;C:\Program Files\AdoptOpenJDK\jdk-11.0.9.11-hotspot\bin\server

VM Arguments:
jvm_args: -Dfile.encoding=UTF-8 
java_command: src.Test
java_class_path (initial): C:\Users\patri.DESKTOP-FFNU79O\AppData\Roaming\Code\User\workspaceStorage\c0e79ca0925ff8a6d33d63de73d4f153\redhat.java\jdt_ws\skuska2_b4efda46\bin
Launcher Type: SUN_STANDARD

[Global flags]
     intx CICompilerCount                          = 3                                         {product} {ergonomic}
     uint ConcGCThreads                            = 1                                         {product} {ergonomic}
     uint G1ConcRefinementThreads                  = 4                                         {product} {ergonomic}
   size_t G1HeapRegionSize                         = 1048576                                   {product} {ergonomic}
    uintx GCDrainStackTargetSize                   = 64                                        {product} {ergonomic}
   size_t InitialHeapSize                          = 268435456                                 {product} {ergonomic}
   size_t MarkStackSize                            = 4194304                                   {product} {ergonomic}
   size_t MaxHeapSize                              = 4276092928                                {product} {ergonomic}
   size_t MinHeapDeltaBytes                        = 1048576                                   {product} {ergonomic}
    uintx NonNMethodCodeHeapSize                   = 5830732                                {pd product} {ergonomic}
    uintx NonProfiledCodeHeapSize                  = 122913754                              {pd product} {ergonomic}
    uintx ProfiledCodeHeapSize                     = 122913754                              {pd product} {ergonomic}
    uintx ReservedCodeCacheSize                    = 251658240                              {pd product} {ergonomic}
     bool SegmentedCodeCache                       = true                                      {product} {ergonomic}
     bool UseCompressedClassPointers               = true                                 {lp64_product} {ergonomic}
     bool UseCompressedOops                        = true                                 {lp64_product} {ergonomic}
     bool UseG1GC                                  = true                                      {product} {ergonomic}
     bool UseLargePagesIndividualAllocation        = false                                  {pd product} {ergonomic}

Logging:
Log output configuration:
 #0: stdout all=warning uptime,level,tags
 #1: stderr all=off uptime,level,tags

Environment Variables:
PATH=C:\Program Files\Common Files\Oracle\Java\javapath;C:\Program Files\AdoptOpenJDK\jdk-11.0.9.11-hotspot\bin;C:\Python39\Scripts\;C:\Python39\;C:\ProgramData\Oracle\Java\javapath;C:\Program Files (x86)\Common Files\Oracle\Java\javapath;C:\Program Files (x86)\NVIDIA Corporation\PhysX\Common;C:\Program Files (x86)\Common Files\Intel\Shared Libraries\redist\intel64\compiler;C:\Program Files (x86)\PC Connectivity Solution\;C:\Windows\system32;C:\Windows;C:\Windows\System32\Wbem;C:\Windows\System32\WindowsPowerShell\v1.0\;C:\WINDOWS\system32;C:\WINDOWS;C:\WINDOWS\System32\Wbem;C:\WINDOWS\System32\WindowsPowerShell\v1.0\;C:\Program Files\Java\jdk1.8.0_73\bin/java.exe;C:\WINDOWS\System32\OpenSSH\;D:\PROGRAMS\nodejs\;C:\ProgramData\chocolatey\bin;D:\PROGRAMS\xampp\php;C:\Program Files\NVIDIA Corporation\NVIDIA NvDLISR;C:\Program Files\Git\cmd;C:\Users\patri.DESKTOP-FFNU79O\AppData\Local\Programs\Python\Python37-32\Scripts\;C:\Users\patri.DESKTOP-FFNU79O\AppData\Local\Programs\Python\Python37-32\;C:\Users\patri.DESKTOP-FFNU79O\AppData\Local\Microsoft\WindowsApps;C:\Users\patri.DESKTOP-FFNU79O\AppData\Local\Programs\Microsoft VS Code\bin;C:\Users\patri.DESKTOP-FFNU79O\AppData\Roaming\npm;D:\PROGRAMS\compoer;C:\Users\patri.DESKTOP-FFNU79O\AppData\Roaming\Composer\vendor\bin;D:\PROGRAMS\IntelliJ IDEA 2020.2.3\bin;C:\Program Files\openjdk\jdk-15\bin
USERNAME=patri
LANG=en_GB.UTF-8
OS=Windows_NT
PROCESSOR_IDENTIFIER=Intel64 Family 6 Model 60 Stepping 3, GenuineIntel



---------------  S Y S T E M  ---------------

OS: Windows 10 , 64 bit Build 19041 (10.0.19041.928)
OS uptime: 0 days 11:40 hours
HyperV virtualization detected

CPU:total 4 (initial active 4) (4 cores per cpu, 1 threads per core) family 6 model 60 stepping 3, cmov, cx8, fxsr, mmx, sse, sse2, sse3, ssse3, sse4.1, sse4.2, popcnt, avx, avx2, aes, clmul, erms, lzcnt, tsc, tscinvbit, bmi1, bmi2, fma

Memory: 4k page, system-wide physical 16305M (5606M free)
TotalPageFile size 18305M (AvailPageFile size 154M)
current process WorkingSet (physical memory assigned to process): 9M, peak: 9M
current process commit charge ("private bytes"): 52M, peak: 308M

vm_info: OpenJDK 64-Bit Server VM (11.0.9+11) for windows-amd64 JRE (11.0.9+11), built on Oct 24 2020 15:15:35 by "" with MS VC++ 15.9 (VS2017)

END.
